<?xml version="1.0" encoding="UTF-8"?>
<!-- Generated by org.testng.reporters.JUnitXMLReporter -->
<testsuite hostname="VPC-SVELEZ" ignored="0" name="Command line test" tests="3" failures="0" timestamp="21 Feb 2019 03:45:31 GMT" time="22.866" errors="0">
  <testcase name="test" time="0.172" classname="tests.TestSignPage"/>
  <testcase name="test" time="10.232" classname="tests.TestLoveCompatibility"/>
  <testcase name="test" time="3.669" classname="tests.TestHoroscope"/>
</testsuite> <!-- Command line test -->
