<?xml version="1.0" encoding="UTF-8"?>
<!-- Generated by org.testng.reporters.JUnitXMLReporter -->
<testsuite hostname="VPC-SVELEZ" ignored="0" name="Command line test" tests="3" failures="0" timestamp="21 Feb 2019 04:09:53 GMT" time="43.474" errors="0">
  <testcase name="test" time="0.174" classname="tests.TestSignPage"/>
  <testcase name="test" time="16.928" classname="tests.TestLoveCompatibility"/>
  <testcase name="test" time="3.844" classname="tests.TestHoroscope"/>
</testsuite> <!-- Command line test -->
